<?xml version="1.0" encoding="UTF-8"?>
<!-- Generated by org.testng.reporters.JUnitReportReporter -->
<testsuite hostname="VAGO" failures="0" tests="1" name="amazon1.TC002uniccount" time="8.534" errors="0" timestamp="2025-03-04T06:49:47 IST" skipped="0">
  <testcase classname="amazon1.TC002uniccount" name="TC002uniccount002" time="8.534"/>
</testsuite> <!-- amazon1.TC002uniccount -->
