<?xml version="1.0" encoding="UTF-8"?>
<!-- Generated by org.testng.reporters.JUnitReportReporter -->
<testsuite hostname="VAGO" failures="0" tests="1" name="Automation.Automationqa.Flipcart1" time="1.267" errors="0" timestamp="2025-02-24T21:01:00 IST" skipped="0">
  <testcase classname="Automation.Automationqa.Flipcart1" name="openbrowser" time="1.267"/>
</testsuite> <!-- Automation.Automationqa.Flipcart1 -->
