<?xml version="1.0" encoding="UTF-8"?>
<!-- Generated by org.testng.reporters.JUnitReportReporter -->
<testsuite hostname="VAGO" failures="0" tests="1" name="flipcart1.TC002phonecount" time="10.557" errors="0" timestamp="2025-02-26T22:28:48 IST" skipped="0">
  <testcase classname="flipcart1.TC002phonecount" name="TC002phonecount002" time="10.557"/>
</testsuite> <!-- flipcart1.TC002phonecount -->
