<?xml version="1.0" encoding="UTF-8"?>
<!-- Generated by org.testng.reporters.JUnitReportReporter -->
<testsuite hostname="VAGO" failures="0" tests="2"
	name="ftestruner.Cbookcartrunner" time="0.144" errors="0"
	timestamp="2024-06-01T21:25:28 IST" skipped="2">
	<testcase classname="ftestruner.Cbookcartrunner" name="runScenario"
		time="0.140">
		<skipped />
	</testcase> <!-- runScenario -->
	<testcase classname="ftestruner.Cbookcartrunner" name="runScenario"
		time="0.004">
		<skipped />
	</testcase> <!-- runScenario -->
</testsuite> <!-- ftestruner.Cbookcartrunner -->
