<?xml version="1.0" encoding="UTF-8"?>
<!-- Generated by org.testng.reporters.JUnitReportReporter -->
<testsuite hostname="VAGO" failures="0" tests="2" name="ftestruner.Runner"
	time="9.134" errors="0" timestamp="2024-06-02T15:15:06 IST" skipped="0">
	<testcase classname="ftestruner.Runner" name="runScenario" time="4.713" />
	<testcase classname="ftestruner.Runner" name="runScenario" time="4.421" />
</testsuite> <!--
ftestruner.Runner -->
