<?xml version="1.0" encoding="UTF-8"?>
<!-- Generated by org.testng.reporters.JUnitReportReporter -->
<testsuite hostname="VAGO" failures="0" tests="1" name="source.lpage"
	time="187.769" errors="0" timestamp="2024-05-09T16:49:29 IST" skipped="0">
	<testcase classname="source.lpage" name="logintest" time="187.769" />
</testsuite> <!--
source.lpage -->
