<?xml version="1.0" encoding="UTF-8"?>
<!-- Generated by org.testng.reporters.JUnitReportReporter -->
<testsuite hostname="VAGO" failures="0" tests="1" name="learning.Lmail"
	time="0.008" errors="0" timestamp="2024-04-21T12:55:38 IST" skipped="0">
	<testcase classname="learning.Lmail" name="get" time="0.008" />
</testsuite> <!--
learning.Lmail -->
