<?xml version="1.0" encoding="UTF-8"?>
<!-- Generated by org.testng.reporters.JUnitReportReporter -->
<testsuite hostname="VAGO" failures="0" tests="1" name="Testrunner.Runner" time="0.129" errors="0" timestamp="2025-02-16T10:37:52 IST" skipped="1">
  <testcase classname="Testrunner.Runner" name="runScenario" time="0.129">
    <skipped/>
  </testcase> <!-- runScenario -->
</testsuite> <!-- Testrunner.Runner -->
