<?xml version="1.0" encoding="UTF-8"?>
<!-- Generated by org.testng.reporters.JUnitReportReporter -->
<testsuite hostname="VAGO" failures="0" tests="1" name="runner.Runner" time="10.460" errors="0" timestamp="2025-03-19T21:17:19 IST" skipped="0">
  <testcase classname="runner.Runner" name="runScenario" time="10.460"/>
</testsuite> <!-- runner.Runner -->
