<?xml version="1.0" encoding="UTF-8"?>
<!-- Generated by org.testng.reporters.JUnitReportReporter -->
<testsuite hostname="VAGO" failures="0" tests="1" name="runner.Runner" time="69.666" errors="0" timestamp="2025-03-11T22:08:33 IST" skipped="0">
  <testcase classname="runner.Runner" name="runScenario" time="69.666"/>
</testsuite> <!-- runner.Runner -->
